EDA Netlist Writer report for Embertrail_ctrl
Tue Apr 01 23:33:44 2014
Quartus II 64-Bit Version 13.1.0 Build 162 10/23/2013 SJ Web Edition


---------------------
; Table of Contents ;
---------------------
  1. Legal Notice
  2. EDA Netlist Writer Summary
  3. Simulation Settings
  4. Simulation Generated Files
  5. EDA Netlist Writer Messages



----------------
; Legal Notice ;
----------------
Copyright (C) 1991-2013 Altera Corporation
Your use of Altera Corporation's design tools, logic functions 
and other software and tools, and its AMPP partner logic 
functions, and any output files from any of the foregoing 
(including device programming or simulation files), and any 
associated documentation or information are expressly subject 
to the terms and conditions of the Altera Program License 
Subscription Agreement, Altera MegaCore Function License 
Agreement, or other applicable license agreement, including, 
without limitation, that your use is for the sole purpose of 
programming logic devices manufactured by Altera and sold by 
Altera or its authorized distributors.  Please refer to the 
applicable agreement for further details.



+-------------------------------------------------------------------+
; EDA Netlist Writer Summary                                        ;
+---------------------------+---------------------------------------+
; EDA Netlist Writer Status ; Successful - Tue Apr 01 23:33:44 2014 ;
; Revision Name             ; Embertrail_ctrl                       ;
; Top-level Entity Name     ; Embertrail_top                        ;
; Family                    ; Cyclone III                           ;
; Simulation Files Creation ; Successful                            ;
+---------------------------+---------------------------------------+


+-------------------------------------------------------------------------------------------------------------------------------+
; Simulation Settings                                                                                                           ;
+---------------------------------------------------------------------------------------------------+---------------------------+
; Option                                                                                            ; Setting                   ;
+---------------------------------------------------------------------------------------------------+---------------------------+
; Tool Name                                                                                         ; ModelSim-Altera (Verilog) ;
; Generate netlist for functional simulation only                                                   ; Off                       ;
; Time scale                                                                                        ; 1 ns                      ;
; Truncate long hierarchy paths                                                                     ; Off                       ;
; Map illegal HDL characters                                                                        ; Off                       ;
; Flatten buses into individual nodes                                                               ; Off                       ;
; Maintain hierarchy                                                                                ; Off                       ;
; Bring out device-wide set/reset signals as ports                                                  ; Off                       ;
; Enable glitch filtering                                                                           ; Off                       ;
; Do not write top level VHDL entity                                                                ; Off                       ;
; Disable detection of setup and hold time violations in the input registers of bi-directional pins ; Off                       ;
; Architecture name in VHDL output netlist                                                          ; structure                 ;
; Generate third-party EDA tool command script for RTL functional simulation                        ; Off                       ;
; Generate third-party EDA tool command script for gate-level simulation                            ; Off                       ;
+---------------------------------------------------------------------------------------------------+---------------------------+


+---------------------------------------------------------------------------------------------------------------------------------+
; Simulation Generated Files                                                                                                      ;
+---------------------------------------------------------------------------------------------------------------------------------+
; Generated Files                                                                                                                 ;
+---------------------------------------------------------------------------------------------------------------------------------+
; C:/Users/Matt/Documents/GitHub/Embertrail2/Embertrail/Control unit/simulation/modelsim/Embertrail_ctrl_6_1200mv_85c_slow.vo     ;
; C:/Users/Matt/Documents/GitHub/Embertrail2/Embertrail/Control unit/simulation/modelsim/Embertrail_ctrl_6_1200mv_0c_slow.vo      ;
; C:/Users/Matt/Documents/GitHub/Embertrail2/Embertrail/Control unit/simulation/modelsim/Embertrail_ctrl_min_1200mv_0c_fast.vo    ;
; C:/Users/Matt/Documents/GitHub/Embertrail2/Embertrail/Control unit/simulation/modelsim/Embertrail_ctrl.vo                       ;
; C:/Users/Matt/Documents/GitHub/Embertrail2/Embertrail/Control unit/simulation/modelsim/Embertrail_ctrl_6_1200mv_85c_v_slow.sdo  ;
; C:/Users/Matt/Documents/GitHub/Embertrail2/Embertrail/Control unit/simulation/modelsim/Embertrail_ctrl_6_1200mv_0c_v_slow.sdo   ;
; C:/Users/Matt/Documents/GitHub/Embertrail2/Embertrail/Control unit/simulation/modelsim/Embertrail_ctrl_min_1200mv_0c_v_fast.sdo ;
; C:/Users/Matt/Documents/GitHub/Embertrail2/Embertrail/Control unit/simulation/modelsim/Embertrail_ctrl_v.sdo                    ;
+---------------------------------------------------------------------------------------------------------------------------------+


+-----------------------------+
; EDA Netlist Writer Messages ;
+-----------------------------+
Info: *******************************************************************
Info: Running Quartus II 64-Bit EDA Netlist Writer
    Info: Version 13.1.0 Build 162 10/23/2013 SJ Web Edition
    Info: Processing started: Tue Apr 01 23:33:37 2014
Info: Command: quartus_eda --read_settings_files=off --write_settings_files=off Embertrail_ctrl -c Embertrail_ctrl
Warning (202000): An incorrect timescale is selected for the Verilog Output (.VO) file of this PLL design. It's required that the timescale should be 1 ps when simulating a PLL design in a third party EDA tool.
Info (204019): Generated file Embertrail_ctrl_6_1200mv_85c_slow.vo in folder "C:/Users/Matt/Documents/GitHub/Embertrail2/Embertrail/Control unit/simulation/modelsim/" for EDA simulation tool
Warning (202000): An incorrect timescale is selected for the Verilog Output (.VO) file of this PLL design. It's required that the timescale should be 1 ps when simulating a PLL design in a third party EDA tool.
Info (204019): Generated file Embertrail_ctrl_6_1200mv_0c_slow.vo in folder "C:/Users/Matt/Documents/GitHub/Embertrail2/Embertrail/Control unit/simulation/modelsim/" for EDA simulation tool
Warning (202000): An incorrect timescale is selected for the Verilog Output (.VO) file of this PLL design. It's required that the timescale should be 1 ps when simulating a PLL design in a third party EDA tool.
Info (204019): Generated file Embertrail_ctrl_min_1200mv_0c_fast.vo in folder "C:/Users/Matt/Documents/GitHub/Embertrail2/Embertrail/Control unit/simulation/modelsim/" for EDA simulation tool
Warning (202000): An incorrect timescale is selected for the Verilog Output (.VO) file of this PLL design. It's required that the timescale should be 1 ps when simulating a PLL design in a third party EDA tool.
Info (204019): Generated file Embertrail_ctrl.vo in folder "C:/Users/Matt/Documents/GitHub/Embertrail2/Embertrail/Control unit/simulation/modelsim/" for EDA simulation tool
Info (204019): Generated file Embertrail_ctrl_6_1200mv_85c_v_slow.sdo in folder "C:/Users/Matt/Documents/GitHub/Embertrail2/Embertrail/Control unit/simulation/modelsim/" for EDA simulation tool
Info (204019): Generated file Embertrail_ctrl_6_1200mv_0c_v_slow.sdo in folder "C:/Users/Matt/Documents/GitHub/Embertrail2/Embertrail/Control unit/simulation/modelsim/" for EDA simulation tool
Info (204019): Generated file Embertrail_ctrl_min_1200mv_0c_v_fast.sdo in folder "C:/Users/Matt/Documents/GitHub/Embertrail2/Embertrail/Control unit/simulation/modelsim/" for EDA simulation tool
Info (204019): Generated file Embertrail_ctrl_v.sdo in folder "C:/Users/Matt/Documents/GitHub/Embertrail2/Embertrail/Control unit/simulation/modelsim/" for EDA simulation tool
Info: Quartus II 64-Bit EDA Netlist Writer was successful. 0 errors, 4 warnings
    Info: Peak virtual memory: 457 megabytes
    Info: Processing ended: Tue Apr 01 23:33:44 2014
    Info: Elapsed time: 00:00:07
    Info: Total CPU time (on all processors): 00:00:05


