Analysis & Synthesis report for Embertrail_ctrl
Sun May 11 20:27:19 2014
Quartus II 64-Bit Version 13.1.0 Build 162 10/23/2013 SJ Web Edition


---------------------
; Table of Contents ;
---------------------
  1. Legal Notice
  2. Analysis & Synthesis Summary
  3. Analysis & Synthesis Settings
  4. Parallel Compilation
  5. Analysis & Synthesis Source Files Read
  6. Analysis & Synthesis Resource Usage Summary
  7. Analysis & Synthesis Resource Utilization by Entity
  8. Registers Removed During Synthesis
  9. General Register Statistics
 10. Inverted Register Statistics
 11. Multiplexer Restructuring Statistics (Restructuring Performed)
 12. Elapsed Time Per Partition
 13. Analysis & Synthesis Messages
 14. Analysis & Synthesis Suppressed Messages



----------------
; Legal Notice ;
----------------
Copyright (C) 1991-2013 Altera Corporation
Your use of Altera Corporation's design tools, logic functions 
and other software and tools, and its AMPP partner logic 
functions, and any output files from any of the foregoing 
(including device programming or simulation files), and any 
associated documentation or information are expressly subject 
to the terms and conditions of the Altera Program License 
Subscription Agreement, Altera MegaCore Function License 
Agreement, or other applicable license agreement, including, 
without limitation, that your use is for the sole purpose of 
programming logic devices manufactured by Altera and sold by 
Altera or its authorized distributors.  Please refer to the 
applicable agreement for further details.



+---------------------------------------------------------------------------------+
; Analysis & Synthesis Summary                                                    ;
+------------------------------------+--------------------------------------------+
; Analysis & Synthesis Status        ; Successful - Sun May 11 20:27:19 2014      ;
; Quartus II 64-Bit Version          ; 13.1.0 Build 162 10/23/2013 SJ Web Edition ;
; Revision Name                      ; Embertrail_ctrl                            ;
; Top-level Entity Name              ; Embertrail_top                             ;
; Family                             ; Cyclone III                                ;
; Total logic elements               ; 3,184                                      ;
;     Total combinational functions  ; 2,651                                      ;
;     Dedicated logic registers      ; 1,278                                      ;
; Total registers                    ; 1278                                       ;
; Total pins                         ; 166                                        ;
; Total virtual pins                 ; 0                                          ;
; Total memory bits                  ; 0                                          ;
; Embedded Multiplier 9-bit elements ; 0                                          ;
; Total PLLs                         ; 0                                          ;
+------------------------------------+--------------------------------------------+


+----------------------------------------------------------------------------------------------------------------------+
; Analysis & Synthesis Settings                                                                                        ;
+----------------------------------------------------------------------------+--------------------+--------------------+
; Option                                                                     ; Setting            ; Default Value      ;
+----------------------------------------------------------------------------+--------------------+--------------------+
; Device                                                                     ; EP3C16F484C6       ;                    ;
; Top-level entity name                                                      ; Embertrail_top     ; Embertrail_ctrl    ;
; Family name                                                                ; Cyclone III        ; Cyclone IV GX      ;
; Use smart compilation                                                      ; Off                ; Off                ;
; Enable parallel Assembler and TimeQuest Timing Analyzer during compilation ; On                 ; On                 ;
; Enable compact report table                                                ; Off                ; Off                ;
; Restructure Multiplexers                                                   ; Auto               ; Auto               ;
; Create Debugging Nodes for IP Cores                                        ; Off                ; Off                ;
; Preserve fewer node names                                                  ; On                 ; On                 ;
; Disable OpenCore Plus hardware evaluation                                  ; Off                ; Off                ;
; Verilog Version                                                            ; Verilog_2001       ; Verilog_2001       ;
; VHDL Version                                                               ; VHDL_1993          ; VHDL_1993          ;
; State Machine Processing                                                   ; Auto               ; Auto               ;
; Safe State Machine                                                         ; Off                ; Off                ;
; Extract Verilog State Machines                                             ; On                 ; On                 ;
; Extract VHDL State Machines                                                ; On                 ; On                 ;
; Ignore Verilog initial constructs                                          ; Off                ; Off                ;
; Iteration limit for constant Verilog loops                                 ; 5000               ; 5000               ;
; Iteration limit for non-constant Verilog loops                             ; 250                ; 250                ;
; Add Pass-Through Logic to Inferred RAMs                                    ; On                 ; On                 ;
; Infer RAMs from Raw Logic                                                  ; On                 ; On                 ;
; Parallel Synthesis                                                         ; On                 ; On                 ;
; DSP Block Balancing                                                        ; Auto               ; Auto               ;
; NOT Gate Push-Back                                                         ; On                 ; On                 ;
; Power-Up Don't Care                                                        ; On                 ; On                 ;
; Remove Redundant Logic Cells                                               ; Off                ; Off                ;
; Remove Duplicate Registers                                                 ; On                 ; On                 ;
; Ignore CARRY Buffers                                                       ; Off                ; Off                ;
; Ignore CASCADE Buffers                                                     ; Off                ; Off                ;
; Ignore GLOBAL Buffers                                                      ; Off                ; Off                ;
; Ignore ROW GLOBAL Buffers                                                  ; Off                ; Off                ;
; Ignore LCELL Buffers                                                       ; Off                ; Off                ;
; Ignore SOFT Buffers                                                        ; On                 ; On                 ;
; Limit AHDL Integers to 32 Bits                                             ; Off                ; Off                ;
; Optimization Technique                                                     ; Balanced           ; Balanced           ;
; Carry Chain Length                                                         ; 70                 ; 70                 ;
; Auto Carry Chains                                                          ; On                 ; On                 ;
; Auto Open-Drain Pins                                                       ; On                 ; On                 ;
; Perform WYSIWYG Primitive Resynthesis                                      ; Off                ; Off                ;
; Auto ROM Replacement                                                       ; On                 ; On                 ;
; Auto RAM Replacement                                                       ; On                 ; On                 ;
; Auto DSP Block Replacement                                                 ; On                 ; On                 ;
; Auto Shift Register Replacement                                            ; Auto               ; Auto               ;
; Allow Shift Register Merging across Hierarchies                            ; Auto               ; Auto               ;
; Auto Clock Enable Replacement                                              ; On                 ; On                 ;
; Strict RAM Replacement                                                     ; Off                ; Off                ;
; Allow Synchronous Control Signals                                          ; On                 ; On                 ;
; Force Use of Synchronous Clear Signals                                     ; Off                ; Off                ;
; Auto RAM Block Balancing                                                   ; On                 ; On                 ;
; Auto RAM to Logic Cell Conversion                                          ; Off                ; Off                ;
; Auto Resource Sharing                                                      ; Off                ; Off                ;
; Allow Any RAM Size For Recognition                                         ; Off                ; Off                ;
; Allow Any ROM Size For Recognition                                         ; Off                ; Off                ;
; Allow Any Shift Register Size For Recognition                              ; Off                ; Off                ;
; Use LogicLock Constraints during Resource Balancing                        ; On                 ; On                 ;
; Ignore translate_off and synthesis_off directives                          ; Off                ; Off                ;
; Timing-Driven Synthesis                                                    ; On                 ; On                 ;
; Report Parameter Settings                                                  ; On                 ; On                 ;
; Report Source Assignments                                                  ; On                 ; On                 ;
; Report Connectivity Checks                                                 ; On                 ; On                 ;
; Ignore Maximum Fan-Out Assignments                                         ; Off                ; Off                ;
; Synchronization Register Chain Length                                      ; 2                  ; 2                  ;
; PowerPlay Power Optimization                                               ; Normal compilation ; Normal compilation ;
; HDL message level                                                          ; Level2             ; Level2             ;
; Suppress Register Optimization Related Messages                            ; Off                ; Off                ;
; Number of Removed Registers Reported in Synthesis Report                   ; 5000               ; 5000               ;
; Number of Swept Nodes Reported in Synthesis Report                         ; 5000               ; 5000               ;
; Number of Inverted Registers Reported in Synthesis Report                  ; 100                ; 100                ;
; Clock MUX Protection                                                       ; On                 ; On                 ;
; Auto Gated Clock Conversion                                                ; Off                ; Off                ;
; Block Design Naming                                                        ; Auto               ; Auto               ;
; SDC constraint protection                                                  ; Off                ; Off                ;
; Synthesis Effort                                                           ; Auto               ; Auto               ;
; Shift Register Replacement - Allow Asynchronous Clear Signal               ; On                 ; On                 ;
; Pre-Mapping Resynthesis Optimization                                       ; Off                ; Off                ;
; Analysis & Synthesis Message Level                                         ; Medium             ; Medium             ;
; Disable Register Merging Across Hierarchies                                ; Auto               ; Auto               ;
; Resource Aware Inference For Block RAM                                     ; On                 ; On                 ;
; Synthesis Seed                                                             ; 1                  ; 1                  ;
+----------------------------------------------------------------------------+--------------------+--------------------+


+------------------------------------------+
; Parallel Compilation                     ;
+----------------------------+-------------+
; Processors                 ; Number      ;
+----------------------------+-------------+
; Number detected on machine ; 8           ;
; Maximum allowed            ; 4           ;
;                            ;             ;
; Average used               ; 1.00        ;
; Maximum used               ; 4           ;
;                            ;             ;
; Usage by Processor         ; % Time Used ;
;     Processor 1            ; 100.0%      ;
;     Processors 2-4         ; < 0.1%      ;
;     Processors 5-8         ;   0.0%      ;
+----------------------------+-------------+


+-----------------------------------------------------------------------------------------------------------------------------------------------------------------------------------+
; Analysis & Synthesis Source Files Read                                                                                                                                            ;
+-------------------------------------+-----------------+------------------------+----------------------------------------------------------------------------------------+---------+
; File Name with User-Entered Path    ; Used in Netlist ; File Type              ; File Name with Absolute Path                                                           ; Library ;
+-------------------------------------+-----------------+------------------------+----------------------------------------------------------------------------------------+---------+
; Embertrail_ctrl.v                   ; yes             ; User Verilog HDL File  ; C:/Users/Matt/Documents/GitHub/Embertrail2/Embertrail/Control unit/Embertrail_ctrl.v   ;         ;
; ../RegisterFile/registerFile.v      ; yes             ; User Verilog HDL File  ; C:/Users/Matt/Documents/GitHub/Embertrail2/Embertrail/RegisterFile/registerFile.v      ;         ;
; ../ALU/alu.v                        ; yes             ; User Verilog HDL File  ; C:/Users/Matt/Documents/GitHub/Embertrail2/Embertrail/ALU/alu.v                        ;         ;
; ../Embtertrail_Top/Embertrail_top.v ; yes             ; User Verilog HDL File  ; C:/Users/Matt/Documents/GitHub/Embertrail2/Embertrail/Embtertrail_Top/Embertrail_top.v ;         ;
+-------------------------------------+-----------------+------------------------+----------------------------------------------------------------------------------------+---------+


+------------------------------------------------------------+
; Analysis & Synthesis Resource Usage Summary                ;
+---------------------------------------------+--------------+
; Resource                                    ; Usage        ;
+---------------------------------------------+--------------+
; Estimated Total logic elements              ; 3,184        ;
;                                             ;              ;
; Total combinational functions               ; 2651         ;
; Logic element usage by number of LUT inputs ;              ;
;     -- 4 input functions                    ; 1781         ;
;     -- 3 input functions                    ; 791          ;
;     -- <=2 input functions                  ; 79           ;
;                                             ;              ;
; Logic elements by mode                      ;              ;
;     -- normal mode                          ; 2592         ;
;     -- arithmetic mode                      ; 59           ;
;                                             ;              ;
; Total registers                             ; 1278         ;
;     -- Dedicated logic registers            ; 1278         ;
;     -- I/O registers                        ; 0            ;
;                                             ;              ;
; I/O pins                                    ; 166          ;
; Embedded Multiplier 9-bit elements          ; 0            ;
; Maximum fan-out node                        ; iClock~input ;
; Maximum fan-out                             ; 1278         ;
; Total fan-out                               ; 14340        ;
; Average fan-out                             ; 3.37         ;
+---------------------------------------------+--------------+


+-------------------------------------------------------------------------------------------------------------------------------------------------------------------------------------------------------------+
; Analysis & Synthesis Resource Utilization by Entity                                                                                                                                                         ;
+----------------------------+-------------------+--------------+-------------+--------------+---------+-----------+------+--------------+-----------------------------------------------------+--------------+
; Compilation Hierarchy Node ; LC Combinationals ; LC Registers ; Memory Bits ; DSP Elements ; DSP 9x9 ; DSP 18x18 ; Pins ; Virtual Pins ; Full Hierarchy Name                                 ; Library Name ;
+----------------------------+-------------------+--------------+-------------+--------------+---------+-----------+------+--------------+-----------------------------------------------------+--------------+
; |Embertrail_top            ; 2651 (0)          ; 1278 (0)     ; 0           ; 0            ; 0       ; 0         ; 166  ; 0            ; |Embertrail_top                                     ; work         ;
;    |Embertrail_ctrl:i1|    ; 2651 (288)        ; 1278 (190)   ; 0           ; 0            ; 0       ; 0         ; 0    ; 0            ; |Embertrail_top|Embertrail_ctrl:i1                  ; work         ;
;       |alu:A1|             ; 327 (327)         ; 0 (0)        ; 0           ; 0            ; 0       ; 0         ; 0    ; 0            ; |Embertrail_top|Embertrail_ctrl:i1|alu:A1           ; work         ;
;       |alu:A2|             ; 82 (82)           ; 0 (0)        ; 0           ; 0            ; 0       ; 0         ; 0    ; 0            ; |Embertrail_top|Embertrail_ctrl:i1|alu:A2           ; work         ;
;       |register_file:RF|   ; 1954 (1954)       ; 1088 (1088)  ; 0           ; 0            ; 0       ; 0         ; 0    ; 0            ; |Embertrail_top|Embertrail_ctrl:i1|register_file:RF ; work         ;
+----------------------------+-------------------+--------------+-------------+--------------+---------+-----------+------+--------------+-----------------------------------------------------+--------------+
Note: For table entries with two numbers listed, the numbers in parentheses indicate the number of resources of the given type used by the specific entity alone. The numbers listed outside of parentheses indicate the total resources of the given type used by the specific entity and all of its sub-entities in the hierarchy.


+-------------------------------------------------------------------------------------+
; Registers Removed During Synthesis                                                  ;
+----------------------------------------+--------------------------------------------+
; Register name                          ; Reason for Removal                         ;
+----------------------------------------+--------------------------------------------+
; Embertrail_ctrl:i1|inst1Len[1..4]      ; Merged with Embertrail_ctrl:i1|inst1Len[0] ;
; Embertrail_ctrl:i1|noAluB1             ; Merged with Embertrail_ctrl:i1|inst1Mem    ;
; Embertrail_ctrl:i1|noAluB2             ; Merged with Embertrail_ctrl:i1|inst2Mem    ;
; Embertrail_ctrl:i1|alu2Op[6,7]         ; Merged with Embertrail_ctrl:i1|alu2Op[5]   ;
; Embertrail_ctrl:i1|inst2Len[0..4]      ; Merged with Embertrail_ctrl:i1|alu2Op[5]   ;
; Embertrail_ctrl:i1|inst2StackOp        ; Stuck at GND due to stuck port data_in     ;
; Embertrail_ctrl:i1|alu2Op[5]           ; Stuck at GND due to stuck port data_in     ;
; Embertrail_ctrl:i1|inst1Len[0]         ; Stuck at GND due to stuck port data_in     ;
; Total Number of Removed Registers = 16 ;                                            ;
+----------------------------------------+--------------------------------------------+


+------------------------------------------------------+
; General Register Statistics                          ;
+----------------------------------------------+-------+
; Statistic                                    ; Value ;
+----------------------------------------------+-------+
; Total registers                              ; 1278  ;
; Number of registers using Synchronous Clear  ; 631   ;
; Number of registers using Synchronous Load   ; 22    ;
; Number of registers using Asynchronous Clear ; 0     ;
; Number of registers using Asynchronous Load  ; 0     ;
; Number of registers using Clock Enable       ; 1210  ;
; Number of registers using Preset             ; 0     ;
+----------------------------------------------+-------+


+--------------------------------------------------+
; Inverted Register Statistics                     ;
+----------------------------------------+---------+
; Inverted Register                      ; Fan out ;
+----------------------------------------+---------+
; Embertrail_ctrl:i1|opStage[0]          ; 3       ;
; Total number of inverted registers = 1 ;         ;
+----------------------------------------+---------+


+------------------------------------------------------------------------------------------------------------------------------------------------------------------------------------+
; Multiplexer Restructuring Statistics (Restructuring Performed)                                                                                                                     ;
+--------------------+-----------+---------------+----------------------+------------------------+------------+----------------------------------------------------------------------+
; Multiplexer Inputs ; Bus Width ; Baseline Area ; Area if Restructured ; Saving if Restructured ; Registered ; Example Multiplexer Output                                           ;
+--------------------+-----------+---------------+----------------------+------------------------+------------+----------------------------------------------------------------------+
; 3:1                ; 16 bits   ; 32 LEs        ; 32 LEs               ; 0 LEs                  ; Yes        ; |Embertrail_top|Embertrail_ctrl:i1|alu1OpA[7]                        ;
; 3:1                ; 5 bits    ; 10 LEs        ; 5 LEs                ; 5 LEs                  ; Yes        ; |Embertrail_top|Embertrail_ctrl:i1|rfWriteData1[20]                  ;
; 4:1                ; 6 bits    ; 12 LEs        ; 6 LEs                ; 6 LEs                  ; Yes        ; |Embertrail_top|Embertrail_ctrl:i1|alu1OpB[15]                       ;
; 4:1                ; 5 bits    ; 10 LEs        ; 10 LEs               ; 0 LEs                  ; Yes        ; |Embertrail_top|Embertrail_ctrl:i1|alu1OpB[9]                        ;
; 4:1                ; 5 bits    ; 10 LEs        ; 10 LEs               ; 0 LEs                  ; Yes        ; |Embertrail_top|Embertrail_ctrl:i1|alu1OpB[3]                        ;
; 5:1                ; 16 bits   ; 48 LEs        ; 32 LEs               ; 16 LEs                 ; Yes        ; |Embertrail_top|Embertrail_ctrl:i1|NPC[4]                            ;
; 6:1                ; 5 bits    ; 20 LEs        ; 5 LEs                ; 15 LEs                 ; Yes        ; |Embertrail_top|Embertrail_ctrl:i1|alu2Op[0]                         ;
; 5:1                ; 16 bits   ; 48 LEs        ; 32 LEs               ; 16 LEs                 ; Yes        ; |Embertrail_top|Embertrail_ctrl:i1|register_file:RF|r_d[31][8]       ;
; 5:1                ; 16 bits   ; 48 LEs        ; 32 LEs               ; 16 LEs                 ; Yes        ; |Embertrail_top|Embertrail_ctrl:i1|register_file:RF|r_d[30][12]      ;
; 5:1                ; 16 bits   ; 48 LEs        ; 32 LEs               ; 16 LEs                 ; Yes        ; |Embertrail_top|Embertrail_ctrl:i1|register_file:RF|r_d[29][7]       ;
; 5:1                ; 16 bits   ; 48 LEs        ; 32 LEs               ; 16 LEs                 ; Yes        ; |Embertrail_top|Embertrail_ctrl:i1|register_file:RF|r_d[28][7]       ;
; 5:1                ; 16 bits   ; 48 LEs        ; 32 LEs               ; 16 LEs                 ; Yes        ; |Embertrail_top|Embertrail_ctrl:i1|register_file:RF|r_d[27][7]       ;
; 5:1                ; 16 bits   ; 48 LEs        ; 32 LEs               ; 16 LEs                 ; Yes        ; |Embertrail_top|Embertrail_ctrl:i1|register_file:RF|r_d[26][7]       ;
; 5:1                ; 16 bits   ; 48 LEs        ; 32 LEs               ; 16 LEs                 ; Yes        ; |Embertrail_top|Embertrail_ctrl:i1|register_file:RF|r_d[25][7]       ;
; 5:1                ; 16 bits   ; 48 LEs        ; 32 LEs               ; 16 LEs                 ; Yes        ; |Embertrail_top|Embertrail_ctrl:i1|register_file:RF|r_d[24][7]       ;
; 5:1                ; 16 bits   ; 48 LEs        ; 32 LEs               ; 16 LEs                 ; Yes        ; |Embertrail_top|Embertrail_ctrl:i1|register_file:RF|r_d[23][7]       ;
; 5:1                ; 16 bits   ; 48 LEs        ; 32 LEs               ; 16 LEs                 ; Yes        ; |Embertrail_top|Embertrail_ctrl:i1|register_file:RF|r_d[22][7]       ;
; 5:1                ; 16 bits   ; 48 LEs        ; 32 LEs               ; 16 LEs                 ; Yes        ; |Embertrail_top|Embertrail_ctrl:i1|register_file:RF|r_d[21][7]       ;
; 5:1                ; 16 bits   ; 48 LEs        ; 32 LEs               ; 16 LEs                 ; Yes        ; |Embertrail_top|Embertrail_ctrl:i1|register_file:RF|r_d[20][7]       ;
; 5:1                ; 16 bits   ; 48 LEs        ; 32 LEs               ; 16 LEs                 ; Yes        ; |Embertrail_top|Embertrail_ctrl:i1|register_file:RF|r_d[19][7]       ;
; 5:1                ; 16 bits   ; 48 LEs        ; 32 LEs               ; 16 LEs                 ; Yes        ; |Embertrail_top|Embertrail_ctrl:i1|register_file:RF|r_d[18][7]       ;
; 5:1                ; 16 bits   ; 48 LEs        ; 32 LEs               ; 16 LEs                 ; Yes        ; |Embertrail_top|Embertrail_ctrl:i1|register_file:RF|r_d[17][7]       ;
; 5:1                ; 16 bits   ; 48 LEs        ; 32 LEs               ; 16 LEs                 ; Yes        ; |Embertrail_top|Embertrail_ctrl:i1|register_file:RF|r_d[16][12]      ;
; 5:1                ; 16 bits   ; 48 LEs        ; 32 LEs               ; 16 LEs                 ; Yes        ; |Embertrail_top|Embertrail_ctrl:i1|register_file:RF|r_d[15][14]      ;
; 5:1                ; 16 bits   ; 48 LEs        ; 32 LEs               ; 16 LEs                 ; Yes        ; |Embertrail_top|Embertrail_ctrl:i1|register_file:RF|r_d[14][15]      ;
; 5:1                ; 16 bits   ; 48 LEs        ; 32 LEs               ; 16 LEs                 ; Yes        ; |Embertrail_top|Embertrail_ctrl:i1|register_file:RF|r_d[13][5]       ;
; 5:1                ; 16 bits   ; 48 LEs        ; 32 LEs               ; 16 LEs                 ; Yes        ; |Embertrail_top|Embertrail_ctrl:i1|register_file:RF|r_d[12][0]       ;
; 5:1                ; 16 bits   ; 48 LEs        ; 32 LEs               ; 16 LEs                 ; Yes        ; |Embertrail_top|Embertrail_ctrl:i1|register_file:RF|r_d[11][11]      ;
; 5:1                ; 16 bits   ; 48 LEs        ; 32 LEs               ; 16 LEs                 ; Yes        ; |Embertrail_top|Embertrail_ctrl:i1|register_file:RF|r_d[10][5]       ;
; 5:1                ; 16 bits   ; 48 LEs        ; 32 LEs               ; 16 LEs                 ; Yes        ; |Embertrail_top|Embertrail_ctrl:i1|register_file:RF|r_d[9][2]        ;
; 5:1                ; 16 bits   ; 48 LEs        ; 32 LEs               ; 16 LEs                 ; Yes        ; |Embertrail_top|Embertrail_ctrl:i1|register_file:RF|r_d[8][3]        ;
; 5:1                ; 16 bits   ; 48 LEs        ; 32 LEs               ; 16 LEs                 ; Yes        ; |Embertrail_top|Embertrail_ctrl:i1|register_file:RF|r_d[7][12]       ;
; 5:1                ; 16 bits   ; 48 LEs        ; 32 LEs               ; 16 LEs                 ; Yes        ; |Embertrail_top|Embertrail_ctrl:i1|register_file:RF|r_d[6][0]        ;
; 5:1                ; 16 bits   ; 48 LEs        ; 32 LEs               ; 16 LEs                 ; Yes        ; |Embertrail_top|Embertrail_ctrl:i1|register_file:RF|r_d[5][4]        ;
; 5:1                ; 16 bits   ; 48 LEs        ; 32 LEs               ; 16 LEs                 ; Yes        ; |Embertrail_top|Embertrail_ctrl:i1|register_file:RF|r_d[4][7]        ;
; 5:1                ; 16 bits   ; 48 LEs        ; 32 LEs               ; 16 LEs                 ; Yes        ; |Embertrail_top|Embertrail_ctrl:i1|register_file:RF|r_d[3][12]       ;
; 5:1                ; 16 bits   ; 48 LEs        ; 32 LEs               ; 16 LEs                 ; Yes        ; |Embertrail_top|Embertrail_ctrl:i1|register_file:RF|r_d[2][3]        ;
; 5:1                ; 16 bits   ; 48 LEs        ; 32 LEs               ; 16 LEs                 ; Yes        ; |Embertrail_top|Embertrail_ctrl:i1|register_file:RF|r_d[1][0]        ;
; 5:1                ; 16 bits   ; 48 LEs        ; 32 LEs               ; 16 LEs                 ; Yes        ; |Embertrail_top|Embertrail_ctrl:i1|register_file:RF|r_d[0][3]        ;
; 33:1               ; 16 bits   ; 352 LEs       ; 352 LEs              ; 0 LEs                  ; Yes        ; |Embertrail_top|Embertrail_ctrl:i1|register_file:RF|readData1B_o[10] ;
; 33:1               ; 16 bits   ; 352 LEs       ; 352 LEs              ; 0 LEs                  ; Yes        ; |Embertrail_top|Embertrail_ctrl:i1|register_file:RF|readData2B_o[10] ;
; 7:1                ; 16 bits   ; 64 LEs        ; 16 LEs               ; 48 LEs                 ; Yes        ; |Embertrail_top|Embertrail_ctrl:i1|alu2OpA[5]                        ;
; 33:1               ; 16 bits   ; 352 LEs       ; 352 LEs              ; 0 LEs                  ; Yes        ; |Embertrail_top|Embertrail_ctrl:i1|register_file:RF|readData2A_o[15] ;
; 33:1               ; 16 bits   ; 352 LEs       ; 352 LEs              ; 0 LEs                  ; Yes        ; |Embertrail_top|Embertrail_ctrl:i1|register_file:RF|readData1A_o[4]  ;
; 7:1                ; 16 bits   ; 64 LEs        ; 32 LEs               ; 32 LEs                 ; Yes        ; |Embertrail_top|Embertrail_ctrl:i1|rfWriteData2[11]                  ;
; 8:1                ; 5 bits    ; 25 LEs        ; 10 LEs               ; 15 LEs                 ; Yes        ; |Embertrail_top|Embertrail_ctrl:i1|rfWriteData2[18]                  ;
; 9:1                ; 6 bits    ; 36 LEs        ; 6 LEs                ; 30 LEs                 ; Yes        ; |Embertrail_top|Embertrail_ctrl:i1|alu2OpB[12]                       ;
; 9:1                ; 5 bits    ; 30 LEs        ; 10 LEs               ; 20 LEs                 ; Yes        ; |Embertrail_top|Embertrail_ctrl:i1|alu2OpB[6]                        ;
; 9:1                ; 5 bits    ; 30 LEs        ; 10 LEs               ; 20 LEs                 ; Yes        ; |Embertrail_top|Embertrail_ctrl:i1|alu2OpB[0]                        ;
; 20:1               ; 8 bits    ; 104 LEs       ; 64 LEs               ; 40 LEs                 ; Yes        ; |Embertrail_top|Embertrail_ctrl:i1|alu1Op[5]                         ;
; 32:1               ; 15 bits   ; 315 LEs       ; 90 LEs               ; 225 LEs                ; No         ; |Embertrail_top|Embertrail_ctrl:i1|alu:A2|Selector6                  ;
; 261:1              ; 4 bits    ; 696 LEs       ; 40 LEs               ; 656 LEs                ; No         ; |Embertrail_top|Embertrail_ctrl:i1|alu:A1|Selector8                  ;
; 261:1              ; 4 bits    ; 696 LEs       ; 40 LEs               ; 656 LEs                ; No         ; |Embertrail_top|Embertrail_ctrl:i1|alu:A1|Selector6                  ;
; 262:1              ; 2 bits    ; 348 LEs       ; 20 LEs               ; 328 LEs                ; No         ; |Embertrail_top|Embertrail_ctrl:i1|alu:A1|Selector12                 ;
; 262:1              ; 2 bits    ; 348 LEs       ; 20 LEs               ; 328 LEs                ; No         ; |Embertrail_top|Embertrail_ctrl:i1|alu:A1|Selector2                  ;
; 263:1              ; 2 bits    ; 350 LEs       ; 22 LEs               ; 328 LEs                ; No         ; |Embertrail_top|Embertrail_ctrl:i1|alu:A1|Selector0                  ;
+--------------------+-----------+---------------+----------------------+------------------------+------------+----------------------------------------------------------------------+


+-------------------------------+
; Elapsed Time Per Partition    ;
+----------------+--------------+
; Partition Name ; Elapsed Time ;
+----------------+--------------+
; Top            ; 00:00:08     ;
+----------------+--------------+


+-------------------------------+
; Analysis & Synthesis Messages ;
+-------------------------------+
Info: *******************************************************************
Info: Running Quartus II 64-Bit Analysis & Synthesis
    Info: Version 13.1.0 Build 162 10/23/2013 SJ Web Edition
    Info: Processing started: Sun May 11 20:27:09 2014
Info: Command: quartus_map --read_settings_files=on --write_settings_files=off Embertrail_ctrl -c Embertrail_ctrl
Info (11104): Parallel Compilation has detected 8 hyper-threaded processors. However, the extra hyper-threaded processors will not be used by default. Parallel Compilation will use 4 of the 4 physical processors detected instead.
Info (12021): Found 1 design units, including 1 entities, in source file embertrail_ctrl.v
    Info (12023): Found entity 1: Embertrail_ctrl
Info (12021): Found 1 design units, including 1 entities, in source file /users/matt/documents/github/embertrail2/embertrail/registerfile/registerfile.v
    Info (12023): Found entity 1: register_file
Info (12021): Found 1 design units, including 1 entities, in source file /users/matt/documents/github/embertrail2/embertrail/alu/alu.v
    Info (12023): Found entity 1: alu
Info (12021): Found 1 design units, including 1 entities, in source file /users/matt/documents/github/embertrail2/embertrail/embtertrail_top/embertrail_top.v
    Info (12023): Found entity 1: Embertrail_top
Info (12127): Elaborating entity "Embertrail_top" for the top level hierarchy
Info (12128): Elaborating entity "Embertrail_ctrl" for hierarchy "Embertrail_ctrl:i1"
Warning (10036): Verilog HDL or VHDL warning at Embertrail_ctrl.v(98): object "dumbWire" assigned a value but never read
Warning (10036): Verilog HDL or VHDL warning at Embertrail_ctrl.v(113): object "rfWritePort1WB" assigned a value but never read
Warning (10036): Verilog HDL or VHDL warning at Embertrail_ctrl.v(115): object "rfWritePort2WB" assigned a value but never read
Warning (10036): Verilog HDL or VHDL warning at Embertrail_ctrl.v(122): object "rfRead1A" assigned a value but never read
Warning (10036): Verilog HDL or VHDL warning at Embertrail_ctrl.v(123): object "rfRead2A" assigned a value but never read
Warning (10036): Verilog HDL or VHDL warning at Embertrail_ctrl.v(139): object "memData1Addr" assigned a value but never read
Warning (10036): Verilog HDL or VHDL warning at Embertrail_ctrl.v(140): object "memData2Addr" assigned a value but never read
Info (12128): Elaborating entity "register_file" for hierarchy "Embertrail_ctrl:i1|register_file:RF"
Info (12128): Elaborating entity "alu" for hierarchy "Embertrail_ctrl:i1|alu:A1"
Warning (10036): Verilog HDL or VHDL warning at alu.v(31): object "aluOutput_q" assigned a value but never read
Info (10264): Verilog HDL Case Statement information at alu.v(36): all case item expressions in this case statement are onehot
Info (286030): Timing-Driven Synthesis is running
Info (144001): Generated suppressed messages file C:/Users/Matt/Documents/GitHub/Embertrail2/Embertrail/Control unit/output_files/Embertrail_ctrl.map.smsg
Info (16010): Generating hard_block partition "hard_block:auto_generated_inst"
    Info (16011): Adding 0 node(s), including 0 DDIO, 0 PLL, 0 transceiver and 0 LCELL
Info (21057): Implemented 3374 device resources after synthesis - the final resource count might be different
    Info (21058): Implemented 82 input pins
    Info (21059): Implemented 84 output pins
    Info (21061): Implemented 3208 logic cells
Info: Quartus II 64-Bit Analysis & Synthesis was successful. 0 errors, 8 warnings
    Info: Peak virtual memory: 520 megabytes
    Info: Processing ended: Sun May 11 20:27:19 2014
    Info: Elapsed time: 00:00:10
    Info: Total CPU time (on all processors): 00:00:10


+------------------------------------------+
; Analysis & Synthesis Suppressed Messages ;
+------------------------------------------+
The suppressed messages can be found in C:/Users/Matt/Documents/GitHub/Embertrail2/Embertrail/Control unit/output_files/Embertrail_ctrl.map.smsg.


